<?xml version="1.0" encoding="UTF-8"?>
<!-- Generated by org.testng.reporters.JUnitReportReporter -->
<testsuite skipped="0" hostname="PMISClient2" name="west.com.OxygenThree.testcases.DebugUtils" tests="1" failures="0" timestamp="06 Apr 2018 22:18:18 GMT" time="0.780" errors="0">
  <testcase name="ExecuteDebugUtils" time="0.780" classname="west.com.OxygenThree.testcases.DebugUtils"/>
</testsuite> <!-- west.com.OxygenThree.testcases.DebugUtils -->
